2023-06-22 01:13:23  --------------------------------------------
2023-06-22 01:13:23  Начало процедуры запуска сервера
2023-06-22 01:13:23  Обновление Hosts файла
2023-06-22 01:13:23  Обновление конфигурации PostgreSQL-10
2023-06-22 01:13:23  Обновление конфигурации MariaDB-10.4
2023-06-22 01:13:23  Обновление конфигурации Sendmail
2023-06-22 01:13:23  Обновление конфигурации PHP_8.1
2023-06-22 01:13:23  Обновление конфигурации PHPPgAdmin
2023-06-22 01:13:23  Обновление конфигурации PHPMyAdmin
2023-06-22 01:13:23  Обновление конфигурации Apache_2.4-PHP_8.0-8.1
2023-06-22 01:13:23  Запуск PostgreSQL-10
2023-06-22 01:13:23  Запуск MariaDB-10.4
2023-06-22 01:13:23  Запуск Apache_2.4-PHP_8.0-8.1
2023-06-22 01:13:23  Проверка состояния сервера
2023-06-22 01:13:24  Cервер успешно запущен за 0,766 секунд!
2023-06-23 23:40:54  --------------------------------------------
2023-06-23 23:40:54  Начало процедуры остановки сервера
2023-06-23 23:40:54  Остановка системных модулей
2023-06-23 23:40:55  Отключение виртуального диска
2023-06-23 23:40:55  Сервер успешно остановлен за 1,687 секунд!
